-------------------------------------------------------------------------------
Test set: com.example.HRMSAvisoft.controller.AddressControllerTest
-------------------------------------------------------------------------------
Tests run: 3, Failures: 0, Errors: 3, Skipped: 0, Time elapsed: 0.025 s <<< FAILURE! -- in com.example.HRMSAvisoft.controller.AddressControllerTest
com.example.HRMSAvisoft.controller.AddressControllerTest.editAddress -- Time elapsed: 0.001 s <<< ERROR!
java.lang.ClassCastException: class java.lang.String cannot be cast to class com.example.HRMSAvisoft.entity.AddressType (java.lang.String is in module java.base of loader 'bootstrap'; com.example.HRMSAvisoft.entity.AddressType is in unnamed module of loader 'app')
	at com.example.HRMSAvisoft.controller.AddressControllerTest.<init>(AddressControllerTest.java:47)
	at java.base/java.lang.reflect.Constructor.newInstanceWithCaller(Constructor.java:499)
	at java.base/java.lang.reflect.Constructor.newInstance(Constructor.java:480)
	at java.base/java.util.Optional.orElseGet(Optional.java:364)
	at java.base/java.util.ArrayList.forEach(ArrayList.java:1511)
	at java.base/java.util.ArrayList.forEach(ArrayList.java:1511)

com.example.HRMSAvisoft.controller.AddressControllerTest.removeAddressFromEmployee -- Time elapsed: 0.001 s <<< ERROR!
java.lang.ClassCastException: class java.lang.String cannot be cast to class com.example.HRMSAvisoft.entity.AddressType (java.lang.String is in module java.base of loader 'bootstrap'; com.example.HRMSAvisoft.entity.AddressType is in unnamed module of loader 'app')
	at com.example.HRMSAvisoft.controller.AddressControllerTest.<init>(AddressControllerTest.java:47)
	at java.base/java.lang.reflect.Constructor.newInstanceWithCaller(Constructor.java:499)
	at java.base/java.lang.reflect.Constructor.newInstance(Constructor.java:480)
	at java.base/java.util.Optional.orElseGet(Optional.java:364)
	at java.base/java.util.ArrayList.forEach(ArrayList.java:1511)
	at java.base/java.util.ArrayList.forEach(ArrayList.java:1511)

com.example.HRMSAvisoft.controller.AddressControllerTest.addAddressToEmployee -- Time elapsed: 0.001 s <<< ERROR!
java.lang.ClassCastException: class java.lang.String cannot be cast to class com.example.HRMSAvisoft.entity.AddressType (java.lang.String is in module java.base of loader 'bootstrap'; com.example.HRMSAvisoft.entity.AddressType is in unnamed module of loader 'app')
	at com.example.HRMSAvisoft.controller.AddressControllerTest.<init>(AddressControllerTest.java:47)
	at java.base/java.lang.reflect.Constructor.newInstanceWithCaller(Constructor.java:499)
	at java.base/java.lang.reflect.Constructor.newInstance(Constructor.java:480)
	at java.base/java.util.Optional.orElseGet(Optional.java:364)
	at java.base/java.util.ArrayList.forEach(ArrayList.java:1511)
	at java.base/java.util.ArrayList.forEach(ArrayList.java:1511)

