<?xml version="1.0" encoding="UTF-8"?>
<testsuite xmlns:xsi="http://www.w3.org/2001/XMLSchema-instance" xsi:noNamespaceSchemaLocation="https://maven.apache.org/surefire/maven-surefire-plugin/xsd/surefire-test-report-3.0.xsd" version="3.0" name="com.example.HRMSAvisoft.controller.RoleControllerTest" time="0.694" tests="8" errors="1" skipped="0" failures="0">
  <properties>
[...]
</properties>
  <testcase name="testAddRoleWithInvalidPrivileges" classname="com.example.HRMSAvisoft.controller.RoleControllerTest" time="0.032">
    <system-out><![CDATA[2024-08-06T16:43:46.660+05:30  INFO 7508 --- [           main] .b.t.c.SpringBootTestContextBootstrapper : Found @SpringBootConfiguration com.example.HRMSAvisoft.HrmsAvisoftApplication for test class com.example.HRMSAvisoft.controller.RoleControllerTest
2024-08-06T16:43:46.679+05:30  INFO 7508 --- [           main] o.s.b.d.r.RestartApplicationListener     : Restart disabled due to context in which it is running

  .   ____          _            __ _ _
 /\\ / ___'_ __ _ _(_)_ __  __ _ \ \ \ \
( ( )\___ | '_ | '_| | '_ \/ _` | \ \ \ \
 \\/  ___)| |_)| | | | | || (_| |  ) ) ) )
  '  |____| .__|_| |_|_| |_\__, | / / / /
 =========|_|==============|___/=/_/_/_/
 :: Spring Boot ::                (v3.2.5)

2024-08-06T16:43:46.706+05:30  INFO 7508 --- [           main] c.e.H.controller.RoleControllerTest      : Starting RoleControllerTest using Java 17.0.3.1 with PID 7508 (started by 91774 in C:\Users\91774\Desktop\HRMS)
2024-08-06T16:43:46.706+05:30  INFO 7508 --- [           main] c.e.H.controller.RoleControllerTest      : No active profile set, falling back to 1 default profile: "default"
2024-08-06T16:43:47.025+05:30  WARN 7508 --- [           main] .s.s.UserDetailsServiceAutoConfiguration : 

Using generated security password: 2ad01d37-eebb-40a5-be6c-de1ac3b0186f

This generated password is for development use only. Your security configuration must be updated before running your application in production.

2024-08-06T16:43:47.082+05:30  INFO 7508 --- [           main] o.s.s.web.DefaultSecurityFilterChain     : Will secure any request with [org.springframework.security.web.session.DisableEncodeUrlFilter@2a0d8df8, org.springframework.security.web.context.request.async.WebAsyncManagerIntegrationFilter@63be4548, org.springframework.security.web.context.SecurityContextHolderFilter@18edbed9, org.springframework.security.web.header.HeaderWriterFilter@43069adf, org.springframework.web.filter.CorsFilter@232899d1, org.springframework.security.web.authentication.logout.LogoutFilter@773ad729, org.springframework.security.web.savedrequest.RequestCacheAwareFilter@4823f4d0, org.springframework.security.web.servletapi.SecurityContextHolderAwareRequestFilter@75f316df, org.springframework.security.web.authentication.AnonymousAuthenticationFilter@522221e1, org.springframework.security.web.access.ExceptionTranslationFilter@569d6e0d, org.springframework.security.web.access.intercept.FilterSecurityInterceptor@4bc75792]
2024-08-06T16:43:47.128+05:30  INFO 7508 --- [           main] o.s.b.t.m.w.SpringBootMockServletContext : Initializing Spring TestDispatcherServlet ''
2024-08-06T16:43:47.128+05:30  INFO 7508 --- [           main] o.s.t.web.servlet.TestDispatcherServlet  : Initializing Servlet ''
2024-08-06T16:43:47.128+05:30  INFO 7508 --- [           main] o.s.t.web.servlet.TestDispatcherServlet  : Completed initialization in 0 ms
2024-08-06T16:43:47.135+05:30  INFO 7508 --- [           main] c.e.H.controller.RoleControllerTest      : Started RoleControllerTest in 0.456 seconds (process running for 9.05)
2024-08-06T16:43:47.168+05:30  WARN 7508 --- [           main] .w.s.m.s.DefaultHandlerExceptionResolver : Resolved [org.springframework.http.converter.HttpMessageNotReadableException: Required request body is missing: public org.springframework.http.ResponseEntity<java.util.Map<java.lang.String, java.lang.Object>> com.example.HRMSAvisoft.controller.RoleController.saveRole(com.example.HRMSAvisoft.entity.Role) throws com.example.HRMSAvisoft.service.RoleService$RoleAlreadyExistsException,java.lang.IllegalArgumentException]
]]></system-out>
  </testcase>
  <testcase name="testAddRoleWhenRoleAlreadyExists" classname="com.example.HRMSAvisoft.controller.RoleControllerTest" time="0.067"/>
  <testcase name="testGetRoles" classname="com.example.HRMSAvisoft.controller.RoleControllerTest" time="0.011"/>
  <testcase name="changeRoleOfUserTest" classname="com.example.HRMSAvisoft.controller.RoleControllerTest" time="0.026"/>
  <testcase name="testUpdateRole" classname="com.example.HRMSAvisoft.controller.RoleControllerTest" time="0.012">
    <error message="&#10;Only void methods can doNothing()!&#10;Example of correct use of doNothing():&#10;    doNothing().&#10;    doThrow(new RuntimeException())&#10;    .when(mock).someVoidMethod();&#10;Above means:&#10;someVoidMethod() does nothing the 1st time but throws an exception the 2nd time is called" type="org.mockito.exceptions.base.MockitoException"><![CDATA[org.mockito.exceptions.base.MockitoException: 

Only void methods can doNothing()!
Example of correct use of doNothing():
    doNothing().
    doThrow(new RuntimeException())
    .when(mock).someVoidMethod();
Above means:
someVoidMethod() does nothing the 1st time but throws an exception the 2nd time is called
	at com.example.HRMSAvisoft.controller.RoleControllerTest.testUpdateRole(RoleControllerTest.java:101)
	at java.base/java.lang.reflect.Method.invoke(Method.java:568)
	at java.base/java.util.ArrayList.forEach(ArrayList.java:1511)
	at java.base/java.util.ArrayList.forEach(ArrayList.java:1511)
]]></error>
  </testcase>
  <testcase name="assignRoleToUserTest" classname="com.example.HRMSAvisoft.controller.RoleControllerTest" time="0.01"/>
  <testcase name="testDeleteRole" classname="com.example.HRMSAvisoft.controller.RoleControllerTest" time="0.009"/>
  <testcase name="testCreateRoleWithValidPrivileges" classname="com.example.HRMSAvisoft.controller.RoleControllerTest" time="0.01"/>
</testsuite>